Module dependencies of clustered.ehcache-client:
  ehcache-impl
  clustered.ehcache-common
  ehcache-xml.ehcache-xml-spi (compile)
Module dependencies of clustered.ehcache-client.test:
  clustered.ehcache-client
  ehcache-transactions
  clustered.server.ehcache-entity
  clustered.server.ehcache-service
  clustered.test-utils
  ehcache-xml
Module dependencies of clustered.ehcache-clustered:
Module dependencies of clustered.ehcache-common:
  ehcache-api
  clustered.ehcache-common-api
Module dependencies of clustered.ehcache-common.test:
  clustered.ehcache-common
  clustered.test-utils
Module dependencies of clustered.ehcache-common-api:
Module dependencies of clustered.ehcache-common-api.test:
  clustered.ehcache-common-api
Module dependencies of clustered.integration-test:
Module dependencies of clustered.integration-test.test:
  clustered.integration-test
  clustered.ehcache-client
  clustered.ehcache-common
  ehcache-impl
  ehcache-xml
  ehcache-107
  ehcache-management
Module dependencies of clustered.ops-tool:
Module dependencies of clustered.ops-tool.test:
  clustered.ops-tool
Module dependencies of clustered.osgi-test:
Module dependencies of clustered.osgi-test.test:
  clustered.osgi-test
  osgi-test
Module dependencies of clustered.server.ehcache-entity:
  clustered.ehcache-common
Module dependencies of clustered.server.ehcache-entity.test:
  clustered.server.ehcache-entity
  clustered.server.ehcache-service
  clustered.test-utils
Module dependencies of clustered.server.ehcache-service:
  clustered.ehcache-common
Module dependencies of clustered.server.ehcache-service.test:
  clustered.server.ehcache-service
  clustered.test-utils
Module dependencies of clustered.server.ehcache-service-api:
  clustered.ehcache-common-api
Module dependencies of clustered.server.ehcache-service-api.test:
  clustered.server.ehcache-service-api
Module dependencies of clustered.test-utils:
  clustered.ehcache-common
Module dependencies of core-spi-test:
  spi-tester
  ehcache-core
  ehcache-impl
Module dependencies of demos.00-NoCache:
  ehcache-impl
Module dependencies of demos.01-CacheAside:
  ehcache-impl
Module dependencies of ehcache:
Module dependencies of ehcache-107:
  ehcache-xml
Module dependencies of ehcache-107.test:
  ehcache-107
  ehcache-xml
Module dependencies of ehcache-api:
Module dependencies of ehcache-api.test:
  ehcache-api
Module dependencies of ehcache-core:
  ehcache-api
Module dependencies of ehcache-core.test:
  ehcache-core
  spi-tester
Module dependencies of ehcache-impl:
  ehcache-core
Module dependencies of ehcache-impl.test:
  ehcache-impl
  core-spi-test
Module dependencies of ehcache-management:
  ehcache-core
  ehcache-impl
  clustered.ehcache-client (compile)
  ehcache-xml.ehcache-xml-spi (compile)
Module dependencies of ehcache-management.test:
  ehcache-management
  ehcache-xml
Module dependencies of ehcache-transactions:
  ehcache
Module dependencies of ehcache-transactions.test:
  ehcache-transactions
  core-spi-test
  ehcache-xml
Module dependencies of ehcache-xml.ehcache-xml-spi:
  ehcache-api
  ehcache-core
Module dependencies of ehcache-xml.ehcache-xml-spi.test:
  ehcache-xml.ehcache-xml-spi
Module dependencies of ehcache-xml:
Module dependencies of ehcache-xml.test:
  ehcache-xml
Module dependencies of integration-test:
Module dependencies of integration-test.test:
  integration-test
  ehcache-107
  ehcache-impl
  ehcache-transactions
Module dependencies of osgi-test:
Module dependencies of osgi-test.test:
  osgi-test
Module dependencies of spi-tester: