{
  "clustered.ehcache-client.checkstyleVersion": "8.37",
  "clustered.ehcache-common.checkstyleVersion": "8.37",
  "clustered.ehcache-common-api.checkstyleVersion": "8.37",
  "clustered.integration-test.checkstyleVersion": "8.37",
  "clustered.ops-tool.checkstyleVersion": "8.37",
  "clustered.osgi-test.checkstyleVersion": "8.37",
  "clustered.server.ehcache-entity.checkstyleVersion": "8.37",
  "clustered.server.ehcache-service.checkstyleVersion": "8.37",
  "clustered.server.ehcache-service-api.checkstyleVersion": "8.37",
  "clustered.test-utils.checkstyleVersion": "8.37",
  "core-spi-test.checkstyleVersion": "8.37",
  "demos.00-NoCache.checkstyleVersion": "8.37",
  "demos.01-CacheAside.checkstyleVersion": "8.37",
  "ehcache-107.checkstyleVersion": "8.37",
  "ehcache-api.checkstyleVersion": "8.37",
  "ehcache-core.checkstyleVersion": "8.37",
  "ehcache-impl.checkstyleVersion": "8.37",
  "ehcache-management.checkstyleVersion": "8.37",
  "ehcache-transactions.checkstyleVersion": "8.37",
  "ehcache-xml.checkstyleVersion": "8.37",
  "ehcache-xml.ehcache-xml-spi.checkstyleVersion": "8.37",
  "integration-test.checkstyleVersion": "8.37",
  "osgi-test.checkstyleVersion": "8.37",
  "spi-tester.checkstyleVersion": "8.37"
}