Module dependencies of benchmark.2_12_20:
  io.jvm.2_12_20
Module dependencies of benchmark.2_13_16:
  io.jvm.2_13_16
Module dependencies of benchmark.3_3_5:
  io.jvm.3_3_5
Module dependencies of core.js.2_12_20:
Module dependencies of core.js.2_12_20.test:
  core.js.2_12_20
Module dependencies of core.js.2_13_16:
Module dependencies of core.js.2_13_16.test:
  core.js.2_13_16
Module dependencies of core.js.3_3_5:
Module dependencies of core.js.3_3_5.test:
  core.js.3_3_5
Module dependencies of core.jvm.2_12_20:
Module dependencies of core.jvm.2_12_20.test:
  core.jvm.2_12_20
Module dependencies of core.jvm.2_13_16:
Module dependencies of core.jvm.2_13_16.test:
  core.jvm.2_13_16
Module dependencies of core.jvm.3_3_5:
Module dependencies of core.jvm.3_3_5.test:
  core.jvm.3_3_5
Module dependencies of core.native.2_12_20:
Module dependencies of core.native.2_12_20.test:
  core.native.2_12_20
Module dependencies of core.native.2_13_16:
Module dependencies of core.native.2_13_16.test:
  core.native.2_13_16
Module dependencies of core.native.3_3_5:
Module dependencies of core.native.3_3_5.test:
  core.native.3_3_5
Module dependencies of integration.2_12_20:
  core.jvm.2_12_20
Module dependencies of integration.2_12_20.test:
  integration.2_12_20
Module dependencies of integration.2_13_16:
  core.jvm.2_13_16
Module dependencies of integration.2_13_16.test:
  integration.2_13_16
Module dependencies of integration.3_3_5:
  core.jvm.3_3_5
Module dependencies of integration.3_3_5.test:
  integration.3_3_5
Module dependencies of io.js.2_12_20:
  core.js.2_12_20
Module dependencies of io.js.2_12_20.test:
  io.js.2_12_20
  core.js.2_12_20.test
Module dependencies of io.js.2_13_16:
  core.js.2_13_16
Module dependencies of io.js.2_13_16.test:
  io.js.2_13_16
  core.js.2_13_16.test
Module dependencies of io.js.3_3_5:
  core.js.3_3_5
Module dependencies of io.js.3_3_5.test:
  io.js.3_3_5
  core.js.3_3_5.test
Module dependencies of io.jvm.2_12_20:
  core.jvm.2_12_20
Module dependencies of io.jvm.2_12_20.test:
  io.jvm.2_12_20
  core.jvm.2_12_20.test
Module dependencies of io.jvm.2_13_16:
  core.jvm.2_13_16
Module dependencies of io.jvm.2_13_16.test:
  io.jvm.2_13_16
  core.jvm.2_13_16.test
Module dependencies of io.jvm.3_3_5:
  core.jvm.3_3_5
Module dependencies of io.jvm.3_3_5.test:
  io.jvm.3_3_5
  core.jvm.3_3_5.test
Module dependencies of io.native.2_12_20:
  core.native.2_12_20
Module dependencies of io.native.2_12_20.test:
  io.native.2_12_20
  core.native.2_12_20.test
Module dependencies of io.native.2_13_16:
  core.native.2_13_16
Module dependencies of io.native.2_13_16.test:
  io.native.2_13_16
  core.native.2_13_16.test
Module dependencies of io.native.3_3_5:
  core.native.3_3_5
Module dependencies of io.native.3_3_5.test:
  io.native.3_3_5
  core.native.3_3_5.test
Module dependencies of mdoc.2_12_20:
  core.jvm.2_12_20
  io.jvm.2_12_20
  reactive-streams.2_12_20
  scodec.jvm.2_12_20
Module dependencies of mdoc.2_13_16:
  core.jvm.2_13_16
  io.jvm.2_13_16
  reactive-streams.2_13_16
  scodec.jvm.2_13_16
Module dependencies of mdoc.3_3_5:
  core.jvm.3_3_5
  io.jvm.3_3_5
  reactive-streams.3_3_5
  scodec.jvm.3_3_5
Module dependencies of protocols.js.2_12_20:
  core.js.2_12_20
  scodec.js.2_12_20
  io.js.2_12_20
Module dependencies of protocols.js.2_12_20.test:
  protocols.js.2_12_20
  core.js.2_12_20.test
Module dependencies of protocols.js.2_13_16:
  core.js.2_13_16
  scodec.js.2_13_16
  io.js.2_13_16
Module dependencies of protocols.js.2_13_16.test:
  protocols.js.2_13_16
  core.js.2_13_16.test
Module dependencies of protocols.js.3_3_5:
  core.js.3_3_5
  scodec.js.3_3_5
  io.js.3_3_5
Module dependencies of protocols.js.3_3_5.test:
  protocols.js.3_3_5
  core.js.3_3_5.test
Module dependencies of protocols.jvm.2_12_20:
  core.jvm.2_12_20
  scodec.jvm.2_12_20
  io.jvm.2_12_20
Module dependencies of protocols.jvm.2_12_20.test:
  protocols.jvm.2_12_20
  core.jvm.2_12_20.test
Module dependencies of protocols.jvm.2_13_16:
  core.jvm.2_13_16
  scodec.jvm.2_13_16
  io.jvm.2_13_16
Module dependencies of protocols.jvm.2_13_16.test:
  protocols.jvm.2_13_16
  core.jvm.2_13_16.test
Module dependencies of protocols.jvm.3_3_5:
  core.jvm.3_3_5
  scodec.jvm.3_3_5
  io.jvm.3_3_5
Module dependencies of protocols.jvm.3_3_5.test:
  protocols.jvm.3_3_5
  core.jvm.3_3_5.test
Module dependencies of protocols.native.2_12_20:
  core.native.2_12_20
  scodec.native.2_12_20
  io.native.2_12_20
Module dependencies of protocols.native.2_12_20.test:
  protocols.native.2_12_20
  core.native.2_12_20.test
Module dependencies of protocols.native.2_13_16:
  core.native.2_13_16
  scodec.native.2_13_16
  io.native.2_13_16
Module dependencies of protocols.native.2_13_16.test:
  protocols.native.2_13_16
  core.native.2_13_16.test
Module dependencies of protocols.native.3_3_5:
  core.native.3_3_5
  scodec.native.3_3_5
  io.native.3_3_5
Module dependencies of protocols.native.3_3_5.test:
  protocols.native.3_3_5
  core.native.3_3_5.test
Module dependencies of reactive-streams.2_12_20:
  core.jvm.2_12_20
Module dependencies of reactive-streams.2_12_20.test:
  reactive-streams.2_12_20
  core.jvm.2_12_20.test
Module dependencies of reactive-streams.2_13_16:
  core.jvm.2_13_16
Module dependencies of reactive-streams.2_13_16.test:
  reactive-streams.2_13_16
  core.jvm.2_13_16.test
Module dependencies of reactive-streams.3_3_5:
  core.jvm.3_3_5
Module dependencies of reactive-streams.3_3_5.test:
  reactive-streams.3_3_5
  core.jvm.3_3_5.test
Module dependencies of scodec.js.2_12_20:
  core.js.2_12_20
Module dependencies of scodec.js.2_12_20.test:
  scodec.js.2_12_20
  io.js.2_12_20
  core.js.2_12_20.test
Module dependencies of scodec.js.2_13_16:
  core.js.2_13_16
Module dependencies of scodec.js.2_13_16.test:
  scodec.js.2_13_16
  io.js.2_13_16
  core.js.2_13_16.test
Module dependencies of scodec.js.3_3_5:
  core.js.3_3_5
Module dependencies of scodec.js.3_3_5.test:
  scodec.js.3_3_5
  io.js.3_3_5
  core.js.3_3_5.test
Module dependencies of scodec.jvm.2_12_20:
  core.jvm.2_12_20
Module dependencies of scodec.jvm.2_12_20.test:
  scodec.jvm.2_12_20
  io.jvm.2_12_20
  core.jvm.2_12_20.test
Module dependencies of scodec.jvm.2_13_16:
  core.jvm.2_13_16
Module dependencies of scodec.jvm.2_13_16.test:
  scodec.jvm.2_13_16
  io.jvm.2_13_16
  core.jvm.2_13_16.test
Module dependencies of scodec.jvm.3_3_5:
  core.jvm.3_3_5
Module dependencies of scodec.jvm.3_3_5.test:
  scodec.jvm.3_3_5
  io.jvm.3_3_5
  core.jvm.3_3_5.test
Module dependencies of scodec.native.2_12_20:
  core.native.2_12_20
Module dependencies of scodec.native.2_12_20.test:
  scodec.native.2_12_20
  io.native.2_12_20
  core.native.2_12_20.test
Module dependencies of scodec.native.2_13_16:
  core.native.2_13_16
Module dependencies of scodec.native.2_13_16.test:
  scodec.native.2_13_16
  io.native.2_13_16
  core.native.2_13_16.test
Module dependencies of scodec.native.3_3_5:
  core.native.3_3_5
Module dependencies of scodec.native.3_3_5.test:
  scodec.native.3_3_5
  io.native.3_3_5
  core.native.3_3_5.test
Module dependencies of unidocs.2_12_20:
Module dependencies of unidocs.2_13_16:
Module dependencies of unidocs.3_3_5: