{
  "core.js.2_12_20.publishVersion": "3.12.0",
  "core.js.2_13_16.publishVersion": "3.12.0",
  "core.js.3_3_5.publishVersion": "3.12.0",
  "core.jvm.2_12_20.publishVersion": "3.12.0",
  "core.jvm.2_13_16.publishVersion": "3.12.0",
  "core.jvm.3_3_5.publishVersion": "3.12.0",
  "core.native.2_12_20.publishVersion": "3.12.0",
  "core.native.2_13_16.publishVersion": "3.12.0",
  "core.native.3_3_5.publishVersion": "3.12.0",
  "io.js.2_12_20.publishVersion": "3.12.0",
  "io.js.2_13_16.publishVersion": "3.12.0",
  "io.js.3_3_5.publishVersion": "3.12.0",
  "io.jvm.2_12_20.publishVersion": "3.12.0",
  "io.jvm.2_13_16.publishVersion": "3.12.0",
  "io.jvm.3_3_5.publishVersion": "3.12.0",
  "io.native.2_12_20.publishVersion": "3.12.0",
  "io.native.2_13_16.publishVersion": "3.12.0",
  "io.native.3_3_5.publishVersion": "3.12.0",
  "protocols.js.2_12_20.publishVersion": "3.12.0",
  "protocols.js.2_13_16.publishVersion": "3.12.0",
  "protocols.js.3_3_5.publishVersion": "3.12.0",
  "protocols.jvm.2_12_20.publishVersion": "3.12.0",
  "protocols.jvm.2_13_16.publishVersion": "3.12.0",
  "protocols.jvm.3_3_5.publishVersion": "3.12.0",
  "protocols.native.2_12_20.publishVersion": "3.12.0",
  "protocols.native.2_13_16.publishVersion": "3.12.0",
  "protocols.native.3_3_5.publishVersion": "3.12.0",
  "reactive-streams.2_12_20.publishVersion": "3.12.0",
  "reactive-streams.2_13_16.publishVersion": "3.12.0",
  "reactive-streams.3_3_5.publishVersion": "3.12.0",
  "scodec.js.2_12_20.publishVersion": "3.12.0",
  "scodec.js.2_13_16.publishVersion": "3.12.0",
  "scodec.js.3_3_5.publishVersion": "3.12.0",
  "scodec.jvm.2_12_20.publishVersion": "3.12.0",
  "scodec.jvm.2_13_16.publishVersion": "3.12.0",
  "scodec.jvm.3_3_5.publishVersion": "3.12.0",
  "scodec.native.2_12_20.publishVersion": "3.12.0",
  "scodec.native.2_13_16.publishVersion": "3.12.0",
  "scodec.native.3_3_5.publishVersion": "3.12.0",
  "unidocs.2_12_20.publishVersion": "3.12.0",
  "unidocs.2_13_16.publishVersion": "3.12.0",
  "unidocs.3_3_5.publishVersion": "3.12.0"
}