{
  "benchmark.2_12_20.scalacOptions": [
    "-deprecation",
    "-encoding",
    "UTF-8",
    "-feature",
    "-unchecked",
    "-Ywarn-numeric-widen",
    "-Xlint:_,-unused",
    "-Ywarn-unused:_,-nowarn,-privates",
    "-Ywarn-dead-code",
    "-Ypartial-unification",
    "-Ybackend-parallelism",
    "16",
    "-language:_",
    "-Xsource:3",
    "-release",
    "8",
    "-target:jvm-1.8"
  ],
  "benchmark.2_13_16.scalacOptions": [
    "-deprecation",
    "-encoding",
    "UTF-8",
    "-feature",
    "-unchecked",
    "-Wdead-code",
    "-Wextra-implicit",
    "-Wnumeric-widen",
    "-Wunused",
    "-Wvalue-discard",
    "-Xlint:_,-implicit-recursion,-recurse-with-default,-unused,-byname-implicit",
    "-Wconf:cat=scala3-migration:s",
    "-Ybackend-parallelism",
    "16",
    "-language:_",
    "-Xsource:3",
    "-release",
    "8"
  ],
  "benchmark.3_3_5.scalacOptions": [
    "-deprecation",
    "-encoding",
    "UTF-8",
    "-feature",
    "-unchecked",
    "-Wunused:implicits",
    "-Wunused:explicits",
    "-Wunused:imports",
    "-Wunused:locals",
    "-Wunused:params",
    "-Wunused:privates",
    "-Wvalue-discard",
    "-language:implicitConversions",
    "-Ykind-projector",
    "-java-output-version",
    "8"
  ],
  "core.js.2_12_20.scalacOptions": [
    "-deprecation",
    "-encoding",
    "UTF-8",
    "-feature",
    "-unchecked",
    "-Ywarn-numeric-widen",
    "-Xlint:_,-unused",
    "-Ywarn-unused:_,-nowarn,-privates",
    "-Ywarn-dead-code",
    "-Ypartial-unification",
    "-Ybackend-parallelism",
    "16",
    "-language:_",
    "-Xsource:3"
  ],
  "core.js.2_12_20.test.scalacOptions": [
    "-deprecation",
    "-encoding",
    "UTF-8",
    "-feature",
    "-unchecked",
    "-Ywarn-numeric-widen",
    "-Xlint:_,-unused",
    "-Ywarn-unused:_,-nowarn,-privates",
    "-Ywarn-dead-code",
    "-Ypartial-unification",
    "-Ybackend-parallelism",
    "16",
    "-language:_",
    "-Xsource:3"
  ],
  "core.js.2_13_16.scalacOptions": [
    "-deprecation",
    "-encoding",
    "UTF-8",
    "-feature",
    "-unchecked",
    "-Wdead-code",
    "-Wextra-implicit",
    "-Wnumeric-widen",
    "-Wunused",
    "-Wvalue-discard",
    "-Xlint:_,-implicit-recursion,-recurse-with-default,-unused,-byname-implicit",
    "-Wconf:cat=scala3-migration:s",
    "-Ybackend-parallelism",
    "16",
    "-language:_",
    "-Xsource:3"
  ],
  "core.js.2_13_16.test.scalacOptions": [
    "-deprecation",
    "-encoding",
    "UTF-8",
    "-feature",
    "-unchecked",
    "-Wdead-code",
    "-Wextra-implicit",
    "-Wnumeric-widen",
    "-Wunused",
    "-Wvalue-discard",
    "-Xlint:_,-implicit-recursion,-recurse-with-default,-unused,-byname-implicit",
    "-Wconf:cat=scala3-migration:s",
    "-Ybackend-parallelism",
    "16",
    "-language:_",
    "-Xsource:3"
  ],
  "core.js.3_3_5.scalacOptions": [
    "-deprecation",
    "-encoding",
    "UTF-8",
    "-feature",
    "-unchecked",
    "-Wunused:implicits",
    "-Wunused:explicits",
    "-Wunused:imports",
    "-Wunused:locals",
    "-Wunused:params",
    "-Wunused:privates",
    "-Wvalue-discard",
    "-language:implicitConversions",
    "-Ykind-projector"
  ],
  "core.js.3_3_5.test.scalacOptions": [
    "-deprecation",
    "-encoding",
    "UTF-8",
    "-feature",
    "-unchecked",
    "-Wunused:implicits",
    "-Wunused:explicits",
    "-Wunused:imports",
    "-Wunused:locals",
    "-Wunused:params",
    "-Wunused:privates",
    "-Wvalue-discard",
    "-language:implicitConversions",
    "-Ykind-projector"
  ],
  "core.jvm.2_12_20.scalacOptions": [
    "-deprecation",
    "-encoding",
    "UTF-8",
    "-feature",
    "-unchecked",
    "-Ywarn-numeric-widen",
    "-Xlint:_,-unused",
    "-Ywarn-unused:_,-nowarn,-privates",
    "-Ywarn-dead-code",
    "-Ypartial-unification",
    "-Ybackend-parallelism",
    "16",
    "-language:_",
    "-Xsource:3"
  ],
  "core.jvm.2_12_20.test.scalacOptions": [
    "-deprecation",
    "-encoding",
    "UTF-8",
    "-feature",
    "-unchecked",
    "-Ywarn-numeric-widen",
    "-Xlint:_,-unused",
    "-Ywarn-unused:_,-nowarn,-privates",
    "-Ywarn-dead-code",
    "-Ypartial-unification",
    "-Ybackend-parallelism",
    "16",
    "-language:_",
    "-Xsource:3"
  ],
  "core.jvm.2_13_16.scalacOptions": [
    "-deprecation",
    "-encoding",
    "UTF-8",
    "-feature",
    "-unchecked",
    "-Wdead-code",
    "-Wextra-implicit",
    "-Wnumeric-widen",
    "-Wunused",
    "-Wvalue-discard",
    "-Xlint:_,-implicit-recursion,-recurse-with-default,-unused,-byname-implicit",
    "-Wconf:cat=scala3-migration:s",
    "-Ybackend-parallelism",
    "16",
    "-language:_",
    "-Xsource:3"
  ],
  "core.jvm.2_13_16.test.scalacOptions": [
    "-deprecation",
    "-encoding",
    "UTF-8",
    "-feature",
    "-unchecked",
    "-Wdead-code",
    "-Wextra-implicit",
    "-Wnumeric-widen",
    "-Wunused",
    "-Wvalue-discard",
    "-Xlint:_,-implicit-recursion,-recurse-with-default,-unused,-byname-implicit",
    "-Wconf:cat=scala3-migration:s",
    "-Ybackend-parallelism",
    "16",
    "-language:_",
    "-Xsource:3"
  ],
  "core.jvm.3_3_5.scalacOptions": [
    "-deprecation",
    "-encoding",
    "UTF-8",
    "-feature",
    "-unchecked",
    "-Wunused:implicits",
    "-Wunused:explicits",
    "-Wunused:imports",
    "-Wunused:locals",
    "-Wunused:params",
    "-Wunused:privates",
    "-Wvalue-discard",
    "-language:implicitConversions",
    "-Ykind-projector"
  ],
  "core.jvm.3_3_5.test.scalacOptions": [
    "-deprecation",
    "-encoding",
    "UTF-8",
    "-feature",
    "-unchecked",
    "-Wunused:implicits",
    "-Wunused:explicits",
    "-Wunused:imports",
    "-Wunused:locals",
    "-Wunused:params",
    "-Wunused:privates",
    "-Wvalue-discard",
    "-language:implicitConversions",
    "-Ykind-projector"
  ],
  "core.native.2_12_20.scalacOptions": [
    "-deprecation",
    "-encoding",
    "UTF-8",
    "-feature",
    "-unchecked",
    "-Ywarn-numeric-widen",
    "-Xlint:_,-unused",
    "-Ywarn-unused:_,-nowarn,-privates",
    "-Ywarn-dead-code",
    "-Ypartial-unification",
    "-Ybackend-parallelism",
    "16",
    "-language:_",
    "-Xsource:3"
  ],
  "core.native.2_12_20.test.scalacOptions": [
    "-deprecation",
    "-encoding",
    "UTF-8",
    "-feature",
    "-unchecked",
    "-Ywarn-numeric-widen",
    "-Xlint:_,-unused",
    "-Ywarn-unused:_,-nowarn,-privates",
    "-Ywarn-dead-code",
    "-Ypartial-unification",
    "-Ybackend-parallelism",
    "16",
    "-language:_",
    "-Xsource:3"
  ],
  "core.native.2_13_16.scalacOptions": [
    "-deprecation",
    "-encoding",
    "UTF-8",
    "-feature",
    "-unchecked",
    "-Wdead-code",
    "-Wextra-implicit",
    "-Wnumeric-widen",
    "-Wunused",
    "-Wvalue-discard",
    "-Xlint:_,-implicit-recursion,-recurse-with-default,-unused,-byname-implicit",
    "-Wconf:cat=scala3-migration:s",
    "-Ybackend-parallelism",
    "16",
    "-language:_",
    "-Xsource:3"
  ],
  "core.native.2_13_16.test.scalacOptions": [
    "-deprecation",
    "-encoding",
    "UTF-8",
    "-feature",
    "-unchecked",
    "-Wdead-code",
    "-Wextra-implicit",
    "-Wnumeric-widen",
    "-Wunused",
    "-Wvalue-discard",
    "-Xlint:_,-implicit-recursion,-recurse-with-default,-unused,-byname-implicit",
    "-Wconf:cat=scala3-migration:s",
    "-Ybackend-parallelism",
    "16",
    "-language:_",
    "-Xsource:3"
  ],
  "core.native.3_3_5.scalacOptions": [
    "-deprecation",
    "-encoding",
    "UTF-8",
    "-feature",
    "-unchecked",
    "-Wunused:implicits",
    "-Wunused:explicits",
    "-Wunused:imports",
    "-Wunused:locals",
    "-Wunused:params",
    "-Wunused:privates",
    "-Wvalue-discard",
    "-language:implicitConversions",
    "-Ykind-projector"
  ],
  "core.native.3_3_5.test.scalacOptions": [
    "-deprecation",
    "-encoding",
    "UTF-8",
    "-feature",
    "-unchecked",
    "-Wunused:implicits",
    "-Wunused:explicits",
    "-Wunused:imports",
    "-Wunused:locals",
    "-Wunused:params",
    "-Wunused:privates",
    "-Wvalue-discard",
    "-language:implicitConversions",
    "-Ykind-projector"
  ],
  "integration.2_12_20.scalacOptions": [
    "-deprecation",
    "-encoding",
    "UTF-8",
    "-feature",
    "-unchecked",
    "-Ywarn-numeric-widen",
    "-Xlint:_,-unused",
    "-Ywarn-unused:_,-nowarn,-privates",
    "-Ywarn-dead-code",
    "-Ypartial-unification",
    "-Ybackend-parallelism",
    "16",
    "-language:_",
    "-Xsource:3",
    "-release",
    "8",
    "-target:jvm-1.8"
  ],
  "integration.2_12_20.test.scalacOptions": [
    "-deprecation",
    "-encoding",
    "UTF-8",
    "-feature",
    "-unchecked",
    "-Ywarn-numeric-widen",
    "-Xlint:_,-unused",
    "-Ywarn-unused:_,-nowarn,-privates",
    "-Ywarn-dead-code",
    "-Ypartial-unification",
    "-Ybackend-parallelism",
    "16",
    "-language:_",
    "-Xsource:3",
    "-release",
    "8",
    "-target:jvm-1.8"
  ],
  "integration.2_13_16.scalacOptions": [
    "-deprecation",
    "-encoding",
    "UTF-8",
    "-feature",
    "-unchecked",
    "-Wdead-code",
    "-Wextra-implicit",
    "-Wnumeric-widen",
    "-Wunused",
    "-Wvalue-discard",
    "-Xlint:_,-implicit-recursion,-recurse-with-default,-unused,-byname-implicit",
    "-Wconf:cat=scala3-migration:s",
    "-Ybackend-parallelism",
    "16",
    "-language:_",
    "-Xsource:3",
    "-release",
    "8"
  ],
  "integration.2_13_16.test.scalacOptions": [
    "-deprecation",
    "-encoding",
    "UTF-8",
    "-feature",
    "-unchecked",
    "-Wdead-code",
    "-Wextra-implicit",
    "-Wnumeric-widen",
    "-Wunused",
    "-Wvalue-discard",
    "-Xlint:_,-implicit-recursion,-recurse-with-default,-unused,-byname-implicit",
    "-Wconf:cat=scala3-migration:s",
    "-Ybackend-parallelism",
    "16",
    "-language:_",
    "-Xsource:3",
    "-release",
    "8"
  ],
  "integration.3_3_5.scalacOptions": [
    "-deprecation",
    "-encoding",
    "UTF-8",
    "-feature",
    "-unchecked",
    "-Wunused:implicits",
    "-Wunused:explicits",
    "-Wunused:imports",
    "-Wunused:locals",
    "-Wunused:params",
    "-Wunused:privates",
    "-Wvalue-discard",
    "-language:implicitConversions",
    "-Ykind-projector",
    "-java-output-version",
    "8"
  ],
  "integration.3_3_5.test.scalacOptions": [
    "-deprecation",
    "-encoding",
    "UTF-8",
    "-feature",
    "-unchecked",
    "-Wunused:implicits",
    "-Wunused:explicits",
    "-Wunused:imports",
    "-Wunused:locals",
    "-Wunused:params",
    "-Wunused:privates",
    "-Wvalue-discard",
    "-language:implicitConversions",
    "-Ykind-projector",
    "-java-output-version",
    "8"
  ],
  "io.js.2_12_20.scalacOptions": [
    "-deprecation",
    "-encoding",
    "UTF-8",
    "-feature",
    "-unchecked",
    "-Ywarn-numeric-widen",
    "-Xlint:_,-unused",
    "-Ywarn-unused:_,-nowarn,-privates",
    "-Ywarn-dead-code",
    "-Ypartial-unification",
    "-Ybackend-parallelism",
    "16",
    "-language:_",
    "-Xsource:3"
  ],
  "io.js.2_12_20.test.scalacOptions": [
    "-deprecation",
    "-encoding",
    "UTF-8",
    "-feature",
    "-unchecked",
    "-Ywarn-numeric-widen",
    "-Xlint:_,-unused",
    "-Ywarn-unused:_,-nowarn,-privates",
    "-Ywarn-dead-code",
    "-Ypartial-unification",
    "-Ybackend-parallelism",
    "16",
    "-language:_",
    "-Xsource:3"
  ],
  "io.js.2_13_16.scalacOptions": [
    "-deprecation",
    "-encoding",
    "UTF-8",
    "-feature",
    "-unchecked",
    "-Wdead-code",
    "-Wextra-implicit",
    "-Wnumeric-widen",
    "-Wunused",
    "-Wvalue-discard",
    "-Xlint:_,-implicit-recursion,-recurse-with-default,-unused,-byname-implicit",
    "-Wconf:cat=scala3-migration:s",
    "-Ybackend-parallelism",
    "16",
    "-language:_",
    "-Xsource:3"
  ],
  "io.js.2_13_16.test.scalacOptions": [
    "-deprecation",
    "-encoding",
    "UTF-8",
    "-feature",
    "-unchecked",
    "-Wdead-code",
    "-Wextra-implicit",
    "-Wnumeric-widen",
    "-Wunused",
    "-Wvalue-discard",
    "-Xlint:_,-implicit-recursion,-recurse-with-default,-unused,-byname-implicit",
    "-Wconf:cat=scala3-migration:s",
    "-Ybackend-parallelism",
    "16",
    "-language:_",
    "-Xsource:3"
  ],
  "io.js.3_3_5.scalacOptions": [
    "-deprecation",
    "-encoding",
    "UTF-8",
    "-feature",
    "-unchecked",
    "-Wunused:implicits",
    "-Wunused:explicits",
    "-Wunused:imports",
    "-Wunused:locals",
    "-Wunused:params",
    "-Wunused:privates",
    "-Wvalue-discard",
    "-language:implicitConversions",
    "-Ykind-projector"
  ],
  "io.js.3_3_5.test.scalacOptions": [
    "-deprecation",
    "-encoding",
    "UTF-8",
    "-feature",
    "-unchecked",
    "-Wunused:implicits",
    "-Wunused:explicits",
    "-Wunused:imports",
    "-Wunused:locals",
    "-Wunused:params",
    "-Wunused:privates",
    "-Wvalue-discard",
    "-language:implicitConversions",
    "-Ykind-projector"
  ],
  "io.jvm.2_12_20.scalacOptions": [
    "-deprecation",
    "-encoding",
    "UTF-8",
    "-feature",
    "-unchecked",
    "-Ywarn-numeric-widen",
    "-Xlint:_,-unused",
    "-Ywarn-unused:_,-nowarn,-privates",
    "-Ywarn-dead-code",
    "-Ypartial-unification",
    "-Ybackend-parallelism",
    "16",
    "-language:_",
    "-Xsource:3"
  ],
  "io.jvm.2_12_20.test.scalacOptions": [
    "-deprecation",
    "-encoding",
    "UTF-8",
    "-feature",
    "-unchecked",
    "-Ywarn-numeric-widen",
    "-Xlint:_,-unused",
    "-Ywarn-unused:_,-nowarn,-privates",
    "-Ywarn-dead-code",
    "-Ypartial-unification",
    "-Ybackend-parallelism",
    "16",
    "-language:_",
    "-Xsource:3"
  ],
  "io.jvm.2_13_16.scalacOptions": [
    "-deprecation",
    "-encoding",
    "UTF-8",
    "-feature",
    "-unchecked",
    "-Wdead-code",
    "-Wextra-implicit",
    "-Wnumeric-widen",
    "-Wunused",
    "-Wvalue-discard",
    "-Xlint:_,-implicit-recursion,-recurse-with-default,-unused,-byname-implicit",
    "-Wconf:cat=scala3-migration:s",
    "-Ybackend-parallelism",
    "16",
    "-language:_",
    "-Xsource:3"
  ],
  "io.jvm.2_13_16.test.scalacOptions": [
    "-deprecation",
    "-encoding",
    "UTF-8",
    "-feature",
    "-unchecked",
    "-Wdead-code",
    "-Wextra-implicit",
    "-Wnumeric-widen",
    "-Wunused",
    "-Wvalue-discard",
    "-Xlint:_,-implicit-recursion,-recurse-with-default,-unused,-byname-implicit",
    "-Wconf:cat=scala3-migration:s",
    "-Ybackend-parallelism",
    "16",
    "-language:_",
    "-Xsource:3"
  ],
  "io.jvm.3_3_5.scalacOptions": [
    "-deprecation",
    "-encoding",
    "UTF-8",
    "-feature",
    "-unchecked",
    "-Wunused:implicits",
    "-Wunused:explicits",
    "-Wunused:imports",
    "-Wunused:locals",
    "-Wunused:params",
    "-Wunused:privates",
    "-Wvalue-discard",
    "-language:implicitConversions",
    "-Ykind-projector"
  ],
  "io.jvm.3_3_5.test.scalacOptions": [
    "-deprecation",
    "-encoding",
    "UTF-8",
    "-feature",
    "-unchecked",
    "-Wunused:implicits",
    "-Wunused:explicits",
    "-Wunused:imports",
    "-Wunused:locals",
    "-Wunused:params",
    "-Wunused:privates",
    "-Wvalue-discard",
    "-language:implicitConversions",
    "-Ykind-projector"
  ],
  "io.native.2_12_20.scalacOptions": [
    "-deprecation",
    "-encoding",
    "UTF-8",
    "-feature",
    "-unchecked",
    "-Ywarn-numeric-widen",
    "-Xlint:_,-unused",
    "-Ywarn-unused:_,-nowarn,-privates",
    "-Ywarn-dead-code",
    "-Ypartial-unification",
    "-Ybackend-parallelism",
    "16",
    "-language:_",
    "-Xsource:3"
  ],
  "io.native.2_12_20.test.scalacOptions": [
    "-deprecation",
    "-encoding",
    "UTF-8",
    "-feature",
    "-unchecked",
    "-Ywarn-numeric-widen",
    "-Xlint:_,-unused",
    "-Ywarn-unused:_,-nowarn,-privates",
    "-Ywarn-dead-code",
    "-Ypartial-unification",
    "-Ybackend-parallelism",
    "16",
    "-language:_",
    "-Xsource:3"
  ],
  "io.native.2_13_16.scalacOptions": [
    "-deprecation",
    "-encoding",
    "UTF-8",
    "-feature",
    "-unchecked",
    "-Wdead-code",
    "-Wextra-implicit",
    "-Wnumeric-widen",
    "-Wunused",
    "-Wvalue-discard",
    "-Xlint:_,-implicit-recursion,-recurse-with-default,-unused,-byname-implicit",
    "-Wconf:cat=scala3-migration:s",
    "-Ybackend-parallelism",
    "16",
    "-language:_",
    "-Xsource:3"
  ],
  "io.native.2_13_16.test.scalacOptions": [
    "-deprecation",
    "-encoding",
    "UTF-8",
    "-feature",
    "-unchecked",
    "-Wdead-code",
    "-Wextra-implicit",
    "-Wnumeric-widen",
    "-Wunused",
    "-Wvalue-discard",
    "-Xlint:_,-implicit-recursion,-recurse-with-default,-unused,-byname-implicit",
    "-Wconf:cat=scala3-migration:s",
    "-Ybackend-parallelism",
    "16",
    "-language:_",
    "-Xsource:3"
  ],
  "io.native.3_3_5.scalacOptions": [
    "-deprecation",
    "-encoding",
    "UTF-8",
    "-feature",
    "-unchecked",
    "-Wunused:implicits",
    "-Wunused:explicits",
    "-Wunused:imports",
    "-Wunused:locals",
    "-Wunused:params",
    "-Wunused:privates",
    "-Wvalue-discard",
    "-language:implicitConversions",
    "-Ykind-projector"
  ],
  "io.native.3_3_5.test.scalacOptions": [
    "-deprecation",
    "-encoding",
    "UTF-8",
    "-feature",
    "-unchecked",
    "-Wunused:implicits",
    "-Wunused:explicits",
    "-Wunused:imports",
    "-Wunused:locals",
    "-Wunused:params",
    "-Wunused:privates",
    "-Wvalue-discard",
    "-language:implicitConversions",
    "-Ykind-projector"
  ],
  "mdoc.2_12_20.scalacOptions": [
    "-deprecation",
    "-encoding",
    "UTF-8",
    "-feature",
    "-unchecked",
    "-Ywarn-numeric-widen",
    "-Xlint:_,-unused",
    "-Ywarn-unused:_,-nowarn,-privates",
    "-Ywarn-dead-code",
    "-Ypartial-unification",
    "-Ybackend-parallelism",
    "16",
    "-language:_",
    "-Xsource:3"
  ],
  "mdoc.2_13_16.scalacOptions": [
    "-deprecation",
    "-encoding",
    "UTF-8",
    "-feature",
    "-unchecked",
    "-Wdead-code",
    "-Wextra-implicit",
    "-Wnumeric-widen",
    "-Wunused",
    "-Wvalue-discard",
    "-Xlint:_,-implicit-recursion,-recurse-with-default,-unused,-byname-implicit",
    "-Wconf:cat=scala3-migration:s",
    "-Ybackend-parallelism",
    "16",
    "-language:_",
    "-Xsource:3"
  ],
  "mdoc.3_3_5.scalacOptions": [
    "-deprecation",
    "-encoding",
    "UTF-8",
    "-feature",
    "-unchecked",
    "-Wunused:implicits",
    "-Wunused:explicits",
    "-Wunused:imports",
    "-Wunused:locals",
    "-Wunused:params",
    "-Wunused:privates",
    "-Wvalue-discard",
    "-language:implicitConversions",
    "-Ykind-projector"
  ],
  "protocols.js.2_12_20.scalacOptions": [
    "-deprecation",
    "-encoding",
    "UTF-8",
    "-feature",
    "-unchecked",
    "-Ywarn-numeric-widen",
    "-Xlint:_,-unused",
    "-Ywarn-unused:_,-nowarn,-privates",
    "-Ywarn-dead-code",
    "-Ypartial-unification",
    "-Ybackend-parallelism",
    "16",
    "-language:_",
    "-Xsource:3",
    "-release",
    "8",
    "-target:jvm-1.8"
  ],
  "protocols.js.2_12_20.test.scalacOptions": [
    "-deprecation",
    "-encoding",
    "UTF-8",
    "-feature",
    "-unchecked",
    "-Ywarn-numeric-widen",
    "-Xlint:_,-unused",
    "-Ywarn-unused:_,-nowarn,-privates",
    "-Ywarn-dead-code",
    "-Ypartial-unification",
    "-Ybackend-parallelism",
    "16",
    "-language:_",
    "-Xsource:3",
    "-release",
    "8",
    "-target:jvm-1.8"
  ],
  "protocols.js.2_13_16.scalacOptions": [
    "-deprecation",
    "-encoding",
    "UTF-8",
    "-feature",
    "-unchecked",
    "-Wdead-code",
    "-Wextra-implicit",
    "-Wnumeric-widen",
    "-Wunused",
    "-Wvalue-discard",
    "-Xlint:_,-implicit-recursion,-recurse-with-default,-unused,-byname-implicit",
    "-Wconf:cat=scala3-migration:s",
    "-Ybackend-parallelism",
    "16",
    "-language:_",
    "-Xsource:3",
    "-release",
    "8"
  ],
  "protocols.js.2_13_16.test.scalacOptions": [
    "-deprecation",
    "-encoding",
    "UTF-8",
    "-feature",
    "-unchecked",
    "-Wdead-code",
    "-Wextra-implicit",
    "-Wnumeric-widen",
    "-Wunused",
    "-Wvalue-discard",
    "-Xlint:_,-implicit-recursion,-recurse-with-default,-unused,-byname-implicit",
    "-Wconf:cat=scala3-migration:s",
    "-Ybackend-parallelism",
    "16",
    "-language:_",
    "-Xsource:3",
    "-release",
    "8"
  ],
  "protocols.js.3_3_5.scalacOptions": [
    "-deprecation",
    "-encoding",
    "UTF-8",
    "-feature",
    "-unchecked",
    "-Wunused:implicits",
    "-Wunused:explicits",
    "-Wunused:imports",
    "-Wunused:locals",
    "-Wunused:params",
    "-Wunused:privates",
    "-Wvalue-discard",
    "-language:implicitConversions",
    "-Ykind-projector",
    "-java-output-version",
    "8"
  ],
  "protocols.js.3_3_5.test.scalacOptions": [
    "-deprecation",
    "-encoding",
    "UTF-8",
    "-feature",
    "-unchecked",
    "-Wunused:implicits",
    "-Wunused:explicits",
    "-Wunused:imports",
    "-Wunused:locals",
    "-Wunused:params",
    "-Wunused:privates",
    "-Wvalue-discard",
    "-language:implicitConversions",
    "-Ykind-projector",
    "-java-output-version",
    "8"
  ],
  "protocols.jvm.2_12_20.scalacOptions": [
    "-deprecation",
    "-encoding",
    "UTF-8",
    "-feature",
    "-unchecked",
    "-Ywarn-numeric-widen",
    "-Xlint:_,-unused",
    "-Ywarn-unused:_,-nowarn,-privates",
    "-Ywarn-dead-code",
    "-Ypartial-unification",
    "-Ybackend-parallelism",
    "16",
    "-language:_",
    "-Xsource:3",
    "-release",
    "8",
    "-target:jvm-1.8"
  ],
  "protocols.jvm.2_12_20.test.scalacOptions": [
    "-deprecation",
    "-encoding",
    "UTF-8",
    "-feature",
    "-unchecked",
    "-Ywarn-numeric-widen",
    "-Xlint:_,-unused",
    "-Ywarn-unused:_,-nowarn,-privates",
    "-Ywarn-dead-code",
    "-Ypartial-unification",
    "-Ybackend-parallelism",
    "16",
    "-language:_",
    "-Xsource:3",
    "-release",
    "8",
    "-target:jvm-1.8"
  ],
  "protocols.jvm.2_13_16.scalacOptions": [
    "-deprecation",
    "-encoding",
    "UTF-8",
    "-feature",
    "-unchecked",
    "-Wdead-code",
    "-Wextra-implicit",
    "-Wnumeric-widen",
    "-Wunused",
    "-Wvalue-discard",
    "-Xlint:_,-implicit-recursion,-recurse-with-default,-unused,-byname-implicit",
    "-Wconf:cat=scala3-migration:s",
    "-Ybackend-parallelism",
    "16",
    "-language:_",
    "-Xsource:3",
    "-release",
    "8"
  ],
  "protocols.jvm.2_13_16.test.scalacOptions": [
    "-deprecation",
    "-encoding",
    "UTF-8",
    "-feature",
    "-unchecked",
    "-Wdead-code",
    "-Wextra-implicit",
    "-Wnumeric-widen",
    "-Wunused",
    "-Wvalue-discard",
    "-Xlint:_,-implicit-recursion,-recurse-with-default,-unused,-byname-implicit",
    "-Wconf:cat=scala3-migration:s",
    "-Ybackend-parallelism",
    "16",
    "-language:_",
    "-Xsource:3",
    "-release",
    "8"
  ],
  "protocols.jvm.3_3_5.scalacOptions": [
    "-deprecation",
    "-encoding",
    "UTF-8",
    "-feature",
    "-unchecked",
    "-Wunused:implicits",
    "-Wunused:explicits",
    "-Wunused:imports",
    "-Wunused:locals",
    "-Wunused:params",
    "-Wunused:privates",
    "-Wvalue-discard",
    "-language:implicitConversions",
    "-Ykind-projector",
    "-java-output-version",
    "8"
  ],
  "protocols.jvm.3_3_5.test.scalacOptions": [
    "-deprecation",
    "-encoding",
    "UTF-8",
    "-feature",
    "-unchecked",
    "-Wunused:implicits",
    "-Wunused:explicits",
    "-Wunused:imports",
    "-Wunused:locals",
    "-Wunused:params",
    "-Wunused:privates",
    "-Wvalue-discard",
    "-language:implicitConversions",
    "-Ykind-projector",
    "-java-output-version",
    "8"
  ],
  "protocols.native.2_12_20.scalacOptions": [
    "-deprecation",
    "-encoding",
    "UTF-8",
    "-feature",
    "-unchecked",
    "-Ywarn-numeric-widen",
    "-Xlint:_,-unused",
    "-Ywarn-unused:_,-nowarn,-privates",
    "-Ywarn-dead-code",
    "-Ypartial-unification",
    "-Ybackend-parallelism",
    "16",
    "-language:_",
    "-Xsource:3",
    "-release",
    "8",
    "-target:jvm-1.8"
  ],
  "protocols.native.2_12_20.test.scalacOptions": [
    "-deprecation",
    "-encoding",
    "UTF-8",
    "-feature",
    "-unchecked",
    "-Ywarn-numeric-widen",
    "-Xlint:_,-unused",
    "-Ywarn-unused:_,-nowarn,-privates",
    "-Ywarn-dead-code",
    "-Ypartial-unification",
    "-Ybackend-parallelism",
    "16",
    "-language:_",
    "-Xsource:3",
    "-release",
    "8",
    "-target:jvm-1.8"
  ],
  "protocols.native.2_13_16.scalacOptions": [
    "-deprecation",
    "-encoding",
    "UTF-8",
    "-feature",
    "-unchecked",
    "-Wdead-code",
    "-Wextra-implicit",
    "-Wnumeric-widen",
    "-Wunused",
    "-Wvalue-discard",
    "-Xlint:_,-implicit-recursion,-recurse-with-default,-unused,-byname-implicit",
    "-Wconf:cat=scala3-migration:s",
    "-Ybackend-parallelism",
    "16",
    "-language:_",
    "-Xsource:3",
    "-release",
    "8"
  ],
  "protocols.native.2_13_16.test.scalacOptions": [
    "-deprecation",
    "-encoding",
    "UTF-8",
    "-feature",
    "-unchecked",
    "-Wdead-code",
    "-Wextra-implicit",
    "-Wnumeric-widen",
    "-Wunused",
    "-Wvalue-discard",
    "-Xlint:_,-implicit-recursion,-recurse-with-default,-unused,-byname-implicit",
    "-Wconf:cat=scala3-migration:s",
    "-Ybackend-parallelism",
    "16",
    "-language:_",
    "-Xsource:3",
    "-release",
    "8"
  ],
  "protocols.native.3_3_5.scalacOptions": [
    "-deprecation",
    "-encoding",
    "UTF-8",
    "-feature",
    "-unchecked",
    "-Wunused:implicits",
    "-Wunused:explicits",
    "-Wunused:imports",
    "-Wunused:locals",
    "-Wunused:params",
    "-Wunused:privates",
    "-Wvalue-discard",
    "-language:implicitConversions",
    "-Ykind-projector",
    "-java-output-version",
    "8"
  ],
  "protocols.native.3_3_5.test.scalacOptions": [
    "-deprecation",
    "-encoding",
    "UTF-8",
    "-feature",
    "-unchecked",
    "-Wunused:implicits",
    "-Wunused:explicits",
    "-Wunused:imports",
    "-Wunused:locals",
    "-Wunused:params",
    "-Wunused:privates",
    "-Wvalue-discard",
    "-language:implicitConversions",
    "-Ykind-projector",
    "-java-output-version",
    "8"
  ],
  "reactive-streams.2_12_20.scalacOptions": [
    "-deprecation",
    "-encoding",
    "UTF-8",
    "-feature",
    "-unchecked",
    "-Ywarn-numeric-widen",
    "-Xlint:_,-unused",
    "-Ywarn-unused:_,-nowarn,-privates",
    "-Ywarn-dead-code",
    "-Ypartial-unification",
    "-Ybackend-parallelism",
    "16",
    "-language:_",
    "-Xsource:3",
    "-release",
    "8",
    "-target:jvm-1.8"
  ],
  "reactive-streams.2_12_20.test.scalacOptions": [
    "-deprecation",
    "-encoding",
    "UTF-8",
    "-feature",
    "-unchecked",
    "-Ywarn-numeric-widen",
    "-Xlint:_,-unused",
    "-Ywarn-unused:_,-nowarn,-privates",
    "-Ywarn-dead-code",
    "-Ypartial-unification",
    "-Ybackend-parallelism",
    "16",
    "-language:_",
    "-Xsource:3",
    "-release",
    "8",
    "-target:jvm-1.8"
  ],
  "reactive-streams.2_13_16.scalacOptions": [
    "-deprecation",
    "-encoding",
    "UTF-8",
    "-feature",
    "-unchecked",
    "-Wdead-code",
    "-Wextra-implicit",
    "-Wnumeric-widen",
    "-Wunused",
    "-Wvalue-discard",
    "-Xlint:_,-implicit-recursion,-recurse-with-default,-unused,-byname-implicit",
    "-Wconf:cat=scala3-migration:s",
    "-Ybackend-parallelism",
    "16",
    "-language:_",
    "-Xsource:3",
    "-release",
    "8"
  ],
  "reactive-streams.2_13_16.test.scalacOptions": [
    "-deprecation",
    "-encoding",
    "UTF-8",
    "-feature",
    "-unchecked",
    "-Wdead-code",
    "-Wextra-implicit",
    "-Wnumeric-widen",
    "-Wunused",
    "-Wvalue-discard",
    "-Xlint:_,-implicit-recursion,-recurse-with-default,-unused,-byname-implicit",
    "-Wconf:cat=scala3-migration:s",
    "-Ybackend-parallelism",
    "16",
    "-language:_",
    "-Xsource:3",
    "-release",
    "8"
  ],
  "reactive-streams.3_3_5.scalacOptions": [
    "-deprecation",
    "-encoding",
    "UTF-8",
    "-feature",
    "-unchecked",
    "-Wunused:implicits",
    "-Wunused:explicits",
    "-Wunused:imports",
    "-Wunused:locals",
    "-Wunused:params",
    "-Wunused:privates",
    "-Wvalue-discard",
    "-language:implicitConversions",
    "-Ykind-projector",
    "-java-output-version",
    "8"
  ],
  "reactive-streams.3_3_5.test.scalacOptions": [
    "-deprecation",
    "-encoding",
    "UTF-8",
    "-feature",
    "-unchecked",
    "-Wunused:implicits",
    "-Wunused:explicits",
    "-Wunused:imports",
    "-Wunused:locals",
    "-Wunused:params",
    "-Wunused:privates",
    "-Wvalue-discard",
    "-language:implicitConversions",
    "-Ykind-projector",
    "-java-output-version",
    "8"
  ],
  "scodec.js.2_12_20.scalacOptions": [
    "-deprecation",
    "-encoding",
    "UTF-8",
    "-feature",
    "-unchecked",
    "-Ywarn-numeric-widen",
    "-Xlint:_,-unused",
    "-Ywarn-unused:_,-nowarn,-privates",
    "-Ywarn-dead-code",
    "-Ypartial-unification",
    "-Ybackend-parallelism",
    "16",
    "-language:_",
    "-Xsource:3",
    "-release",
    "8",
    "-target:jvm-1.8"
  ],
  "scodec.js.2_12_20.test.scalacOptions": [
    "-deprecation",
    "-encoding",
    "UTF-8",
    "-feature",
    "-unchecked",
    "-Ywarn-numeric-widen",
    "-Xlint:_,-unused",
    "-Ywarn-unused:_,-nowarn,-privates",
    "-Ywarn-dead-code",
    "-Ypartial-unification",
    "-Ybackend-parallelism",
    "16",
    "-language:_",
    "-Xsource:3",
    "-release",
    "8",
    "-target:jvm-1.8"
  ],
  "scodec.js.2_13_16.scalacOptions": [
    "-deprecation",
    "-encoding",
    "UTF-8",
    "-feature",
    "-unchecked",
    "-Wdead-code",
    "-Wextra-implicit",
    "-Wnumeric-widen",
    "-Wunused",
    "-Wvalue-discard",
    "-Xlint:_,-implicit-recursion,-recurse-with-default,-unused,-byname-implicit",
    "-Wconf:cat=scala3-migration:s",
    "-Ybackend-parallelism",
    "16",
    "-language:_",
    "-Xsource:3",
    "-release",
    "8"
  ],
  "scodec.js.2_13_16.test.scalacOptions": [
    "-deprecation",
    "-encoding",
    "UTF-8",
    "-feature",
    "-unchecked",
    "-Wdead-code",
    "-Wextra-implicit",
    "-Wnumeric-widen",
    "-Wunused",
    "-Wvalue-discard",
    "-Xlint:_,-implicit-recursion,-recurse-with-default,-unused,-byname-implicit",
    "-Wconf:cat=scala3-migration:s",
    "-Ybackend-parallelism",
    "16",
    "-language:_",
    "-Xsource:3",
    "-release",
    "8"
  ],
  "scodec.js.3_3_5.scalacOptions": [
    "-deprecation",
    "-encoding",
    "UTF-8",
    "-feature",
    "-unchecked",
    "-Wunused:implicits",
    "-Wunused:explicits",
    "-Wunused:imports",
    "-Wunused:locals",
    "-Wunused:params",
    "-Wunused:privates",
    "-Wvalue-discard",
    "-language:implicitConversions",
    "-Ykind-projector",
    "-java-output-version",
    "8"
  ],
  "scodec.js.3_3_5.test.scalacOptions": [
    "-deprecation",
    "-encoding",
    "UTF-8",
    "-feature",
    "-unchecked",
    "-Wunused:implicits",
    "-Wunused:explicits",
    "-Wunused:imports",
    "-Wunused:locals",
    "-Wunused:params",
    "-Wunused:privates",
    "-Wvalue-discard",
    "-language:implicitConversions",
    "-Ykind-projector",
    "-java-output-version",
    "8"
  ],
  "scodec.jvm.2_12_20.scalacOptions": [
    "-deprecation",
    "-encoding",
    "UTF-8",
    "-feature",
    "-unchecked",
    "-Ywarn-numeric-widen",
    "-Xlint:_,-unused",
    "-Ywarn-unused:_,-nowarn,-privates",
    "-Ywarn-dead-code",
    "-Ypartial-unification",
    "-Ybackend-parallelism",
    "16",
    "-language:_",
    "-Xsource:3",
    "-release",
    "8",
    "-target:jvm-1.8"
  ],
  "scodec.jvm.2_12_20.test.scalacOptions": [
    "-deprecation",
    "-encoding",
    "UTF-8",
    "-feature",
    "-unchecked",
    "-Ywarn-numeric-widen",
    "-Xlint:_,-unused",
    "-Ywarn-unused:_,-nowarn,-privates",
    "-Ywarn-dead-code",
    "-Ypartial-unification",
    "-Ybackend-parallelism",
    "16",
    "-language:_",
    "-Xsource:3",
    "-release",
    "8",
    "-target:jvm-1.8"
  ],
  "scodec.jvm.2_13_16.scalacOptions": [
    "-deprecation",
    "-encoding",
    "UTF-8",
    "-feature",
    "-unchecked",
    "-Wdead-code",
    "-Wextra-implicit",
    "-Wnumeric-widen",
    "-Wunused",
    "-Wvalue-discard",
    "-Xlint:_,-implicit-recursion,-recurse-with-default,-unused,-byname-implicit",
    "-Wconf:cat=scala3-migration:s",
    "-Ybackend-parallelism",
    "16",
    "-language:_",
    "-Xsource:3",
    "-release",
    "8"
  ],
  "scodec.jvm.2_13_16.test.scalacOptions": [
    "-deprecation",
    "-encoding",
    "UTF-8",
    "-feature",
    "-unchecked",
    "-Wdead-code",
    "-Wextra-implicit",
    "-Wnumeric-widen",
    "-Wunused",
    "-Wvalue-discard",
    "-Xlint:_,-implicit-recursion,-recurse-with-default,-unused,-byname-implicit",
    "-Wconf:cat=scala3-migration:s",
    "-Ybackend-parallelism",
    "16",
    "-language:_",
    "-Xsource:3",
    "-release",
    "8"
  ],
  "scodec.jvm.3_3_5.scalacOptions": [
    "-deprecation",
    "-encoding",
    "UTF-8",
    "-feature",
    "-unchecked",
    "-Wunused:implicits",
    "-Wunused:explicits",
    "-Wunused:imports",
    "-Wunused:locals",
    "-Wunused:params",
    "-Wunused:privates",
    "-Wvalue-discard",
    "-language:implicitConversions",
    "-Ykind-projector",
    "-java-output-version",
    "8"
  ],
  "scodec.jvm.3_3_5.test.scalacOptions": [
    "-deprecation",
    "-encoding",
    "UTF-8",
    "-feature",
    "-unchecked",
    "-Wunused:implicits",
    "-Wunused:explicits",
    "-Wunused:imports",
    "-Wunused:locals",
    "-Wunused:params",
    "-Wunused:privates",
    "-Wvalue-discard",
    "-language:implicitConversions",
    "-Ykind-projector",
    "-java-output-version",
    "8"
  ],
  "scodec.native.2_12_20.scalacOptions": [
    "-deprecation",
    "-encoding",
    "UTF-8",
    "-feature",
    "-unchecked",
    "-Ywarn-numeric-widen",
    "-Xlint:_,-unused",
    "-Ywarn-unused:_,-nowarn,-privates",
    "-Ywarn-dead-code",
    "-Ypartial-unification",
    "-Ybackend-parallelism",
    "16",
    "-language:_",
    "-Xsource:3",
    "-release",
    "8",
    "-target:jvm-1.8"
  ],
  "scodec.native.2_12_20.test.scalacOptions": [
    "-deprecation",
    "-encoding",
    "UTF-8",
    "-feature",
    "-unchecked",
    "-Ywarn-numeric-widen",
    "-Xlint:_,-unused",
    "-Ywarn-unused:_,-nowarn,-privates",
    "-Ywarn-dead-code",
    "-Ypartial-unification",
    "-Ybackend-parallelism",
    "16",
    "-language:_",
    "-Xsource:3",
    "-release",
    "8",
    "-target:jvm-1.8"
  ],
  "scodec.native.2_13_16.scalacOptions": [
    "-deprecation",
    "-encoding",
    "UTF-8",
    "-feature",
    "-unchecked",
    "-Wdead-code",
    "-Wextra-implicit",
    "-Wnumeric-widen",
    "-Wunused",
    "-Wvalue-discard",
    "-Xlint:_,-implicit-recursion,-recurse-with-default,-unused,-byname-implicit",
    "-Wconf:cat=scala3-migration:s",
    "-Ybackend-parallelism",
    "16",
    "-language:_",
    "-Xsource:3",
    "-release",
    "8"
  ],
  "scodec.native.2_13_16.test.scalacOptions": [
    "-deprecation",
    "-encoding",
    "UTF-8",
    "-feature",
    "-unchecked",
    "-Wdead-code",
    "-Wextra-implicit",
    "-Wnumeric-widen",
    "-Wunused",
    "-Wvalue-discard",
    "-Xlint:_,-implicit-recursion,-recurse-with-default,-unused,-byname-implicit",
    "-Wconf:cat=scala3-migration:s",
    "-Ybackend-parallelism",
    "16",
    "-language:_",
    "-Xsource:3",
    "-release",
    "8"
  ],
  "scodec.native.3_3_5.scalacOptions": [
    "-deprecation",
    "-encoding",
    "UTF-8",
    "-feature",
    "-unchecked",
    "-Wunused:implicits",
    "-Wunused:explicits",
    "-Wunused:imports",
    "-Wunused:locals",
    "-Wunused:params",
    "-Wunused:privates",
    "-Wvalue-discard",
    "-language:implicitConversions",
    "-Ykind-projector",
    "-java-output-version",
    "8"
  ],
  "scodec.native.3_3_5.test.scalacOptions": [
    "-deprecation",
    "-encoding",
    "UTF-8",
    "-feature",
    "-unchecked",
    "-Wunused:implicits",
    "-Wunused:explicits",
    "-Wunused:imports",
    "-Wunused:locals",
    "-Wunused:params",
    "-Wunused:privates",
    "-Wvalue-discard",
    "-language:implicitConversions",
    "-Ykind-projector",
    "-java-output-version",
    "8"
  ],
  "unidocs.2_12_20.scalacOptions": [
    "-deprecation",
    "-encoding",
    "UTF-8",
    "-feature",
    "-unchecked",
    "-Ywarn-numeric-widen",
    "-Xlint:_,-unused",
    "-Ywarn-unused:_,-nowarn,-privates",
    "-Ywarn-dead-code",
    "-Ypartial-unification",
    "-Ybackend-parallelism",
    "16",
    "-language:_",
    "-Xsource:3"
  ],
  "unidocs.2_13_16.scalacOptions": [
    "-deprecation",
    "-encoding",
    "UTF-8",
    "-feature",
    "-unchecked",
    "-Wdead-code",
    "-Wextra-implicit",
    "-Wnumeric-widen",
    "-Wunused",
    "-Wvalue-discard",
    "-Xlint:_,-implicit-recursion,-recurse-with-default,-unused,-byname-implicit",
    "-Wconf:cat=scala3-migration:s",
    "-Ybackend-parallelism",
    "16",
    "-language:_",
    "-Xsource:3"
  ],
  "unidocs.3_3_5.scalacOptions": [
    "-deprecation",
    "-encoding",
    "UTF-8",
    "-feature",
    "-unchecked",
    "-Wunused:implicits",
    "-Wunused:explicits",
    "-Wunused:imports",
    "-Wunused:locals",
    "-Wunused:params",
    "-Wunused:privates",
    "-Wvalue-discard",
    "-language:implicitConversions",
    "-Ykind-projector"
  ]
}