{
  "core.js.2_12_20.moduleKind": "CommonJSModule",
  "core.js.2_12_20.test.moduleKind": "CommonJSModule",
  "core.js.2_13_16.moduleKind": "CommonJSModule",
  "core.js.2_13_16.test.moduleKind": "CommonJSModule",
  "core.js.3_3_5.moduleKind": "CommonJSModule",
  "core.js.3_3_5.test.moduleKind": "CommonJSModule",
  "io.js.2_12_20.moduleKind": "CommonJSModule",
  "io.js.2_12_20.test.moduleKind": "CommonJSModule",
  "io.js.2_13_16.moduleKind": "CommonJSModule",
  "io.js.2_13_16.test.moduleKind": "CommonJSModule",
  "io.js.3_3_5.moduleKind": "CommonJSModule",
  "io.js.3_3_5.test.moduleKind": "CommonJSModule",
  "protocols.js.2_12_20.moduleKind": "CommonJSModule",
  "protocols.js.2_12_20.test.moduleKind": "CommonJSModule",
  "protocols.js.2_13_16.moduleKind": "CommonJSModule",
  "protocols.js.2_13_16.test.moduleKind": "CommonJSModule",
  "protocols.js.3_3_5.moduleKind": "CommonJSModule",
  "protocols.js.3_3_5.test.moduleKind": "CommonJSModule",
  "scodec.js.2_12_20.moduleKind": "CommonJSModule",
  "scodec.js.2_12_20.test.moduleKind": "CommonJSModule",
  "scodec.js.2_13_16.moduleKind": "CommonJSModule",
  "scodec.js.2_13_16.test.moduleKind": "CommonJSModule",
  "scodec.js.3_3_5.moduleKind": "CommonJSModule",
  "scodec.js.3_3_5.test.moduleKind": "CommonJSModule"
}