Module dependencies of all:
  buffer
  codec-base
  codec
  codec-dns
  codec-haproxy
  codec-compression
  codec-http
  codec-http2
  codec-http3
  codec-memcache
  codec-mqtt
  codec-redis
  codec-smtp
  codec-socks
  codec-stomp
  codec-xml
  codec-protobuf
  codec-marshalling
  common
  handler
  handler-proxy
  handler-ssl-ocsp
  resolver
  resolver-dns
  transport
  transport-rxtx
  transport-sctp
  transport-udt
  transport-classes-epoll
  transport-classes-kqueue
  resolver-dns-classes-macos
  transport-classes-io_uring
  codec-classes-quic
Module dependencies of bom:
  buffer
  codec-base
  codec
  codec-dns
  codec-haproxy
  codec-compression
  codec-http
  codec-http2
  codec-http3
  codec-memcache
  codec-mqtt
  codec-redis
  codec-smtp
  codec-socks
  codec-stomp
  codec-xml
  codec-protobuf
  codec-marshalling
  common
  dev-tools
  handler
  handler-proxy
  handler-ssl-ocsp
  resolver
  resolver-dns
  transport
  transport-rxtx
  transport-sctp
  transport-udt
  pkitesting
  all
  resolver-dns-classes-macos
  resolver-dns-native-macos
  transport-native-unix-common
  transport-classes-epoll
  transport-native-epoll
  transport-classes-io_uring
  transport-native-io_uring
  transport-classes-kqueue
  transport-native-kqueue
  codec-classes-quic
  codec-native-quic
Module dependencies of buffer:
  common
  jfr-stub (compile)
  varhandle-stub (compile)
Module dependencies of buffer.test:
  buffer
  jfr-stub (compile,runtime)
  varhandle-stub (compile,runtime)
Module dependencies of codec:
  common
  buffer
  transport
  codec-base
  codec-compression
  codec-protobuf
  codec-marshalling
Module dependencies of codec-base:
  common
  buffer
  transport
Module dependencies of codec-base.test:
  codec-base
  transport.test
Module dependencies of codec-classes-quic:
  common
  buffer
  transport
  codec-base
  handler
  transport-classes-epoll
Module dependencies of codec-compression:
  common
  buffer
  transport
  codec-base
Module dependencies of codec-compression.test:
  codec-compression
  transport.test
Module dependencies of codec-dns:
  common
  buffer
  transport
  codec-base
Module dependencies of codec-dns.test:
  codec-dns
  transport.test
Module dependencies of codec-haproxy:
  buffer
  transport
  codec-base
Module dependencies of codec-haproxy.test:
  codec-haproxy
  transport.test
Module dependencies of codec-http:
  common
  buffer
  transport
  codec-base
  codec-compression
  handler
Module dependencies of codec-http.test:
  codec-http
  transport.test
Module dependencies of codec-http2:
  common
  buffer
  transport
  codec-base
  codec-compression
  handler
  codec-http
Module dependencies of codec-http2.test:
  codec-http2
  pkitesting
  transport.test
Module dependencies of codec-http3:
  common
  buffer
  codec-base
  codec-http
  transport
  codec-classes-quic
  codec-native-quic (runtime)
Module dependencies of codec-http3.test:
  codec-http3
  codec-native-quic (runtime)
Module dependencies of codec-marshalling:
  common
  buffer
  transport
  codec-base
Module dependencies of codec-marshalling.test:
  codec-marshalling
  transport.test
Module dependencies of codec-memcache:
  common
  buffer
  transport
  codec-base
Module dependencies of codec-memcache.test:
  codec-memcache
  transport.test
Module dependencies of codec-mqtt:
  common
  buffer
  transport
  codec-base
Module dependencies of codec-mqtt.test:
  codec-mqtt
  transport.test
Module dependencies of codec-native-quic:
  codec-classes-quic
Module dependencies of codec-native-quic.test:
  codec-native-quic
  transport-classes-epoll
  transport-native-epoll
Module dependencies of codec-protobuf:
  common
  buffer
  transport
  codec-base
Module dependencies of codec-protobuf.test:
  codec-protobuf
  transport.test
Module dependencies of codec-redis:
  common
  buffer
  transport
  codec-base
Module dependencies of codec-redis.test:
  codec-redis
  transport.test
Module dependencies of codec-smtp:
  common
  buffer
  transport
  codec-base
Module dependencies of codec-smtp.test:
  codec-smtp
  transport.test
Module dependencies of codec-socks:
  common
  buffer
  transport
  codec-base
Module dependencies of codec-socks.test:
  codec-socks
  transport.test
Module dependencies of codec-stomp:
  common
  buffer
  transport
  codec-base
Module dependencies of codec-stomp.test:
  codec-stomp
  transport.test
Module dependencies of codec-xml:
  buffer
  transport
  codec-base
Module dependencies of codec-xml.test:
  codec-xml
  transport.test
Module dependencies of common:
  jfr-stub (compile)
  varhandle-stub (compile)
Module dependencies of common.test:
  common
  dev-tools
  jfr-stub (compile,runtime)
  varhandle-stub (compile,runtime)
Module dependencies of dev-tools:
Module dependencies of example:
  common
  buffer
  transport
  codec
  handler
  pkitesting
  handler-ssl-ocsp
  transport-sctp
  handler-proxy
  codec-compression
  codec-http
  codec-http2
  codec-memcache
  codec-redis
  codec-socks
  codec-stomp
  codec-mqtt
  codec-haproxy
  codec-dns
  codec-protobuf
  transport-udt
  transport-rxtx
Module dependencies of handler:
  common
  resolver
  buffer
  transport
  transport-native-unix-common
  codec-base
  pkitesting
Module dependencies of handler.test:
  handler
  transport.test
Module dependencies of handler-proxy:
  common
  buffer
  transport
  codec-base
  codec-socks
  codec-http
  handler
Module dependencies of handler-proxy.test:
  handler-proxy
  transport.test
  pkitesting
Module dependencies of handler-ssl-ocsp:
  codec-http
  transport
  resolver-dns
Module dependencies of handler-ssl-ocsp.test:
  handler-ssl-ocsp
  pkitesting
Module dependencies of jfr-stub:
Module dependencies of microbench:
  handler
  codec-compression
  codec-http
  codec-http2
  codec-redis
  codec-mqtt
  codec-stomp
  codec-protobuf
  transport-native-epoll
  transport-native-kqueue
  jfr-stub (compile)
Module dependencies of pkitesting:
  common
Module dependencies of pkitesting.test:
  pkitesting
Module dependencies of resolver:
  common
Module dependencies of resolver.test:
  resolver
Module dependencies of resolver-dns:
  common
  buffer
  resolver
  transport
  codec-base
  codec-dns
  handler
Module dependencies of resolver-dns.test:
  resolver-dns
  transport.test
Module dependencies of resolver-dns-classes-macos:
  common
  resolver-dns
  transport-native-unix-common
Module dependencies of resolver-dns-native-macos:
  resolver-dns-classes-macos
Module dependencies of resolver-dns-native-macos.test:
  resolver-dns-native-macos
Module dependencies of :
  dev-tools
Module dependencies of testsuite:
  common
  buffer
  transport
  transport-sctp
  handler
  pkitesting
  codec-http
  transport-udt
Module dependencies of testsuite-autobahn:
  common
  buffer
  transport
  codec-http
Module dependencies of testsuite-http2:
  common
  buffer
  transport
  handler
  codec-http
  codec-http2
Module dependencies of testsuite-jpms:
  buffer
  codec-base
  handler
  pkitesting
  codec-http
  transport-classes-kqueue
  transport-classes-epoll
  transport-classes-io_uring
  codec-http3
  transport-native-epoll
  transport-native-io_uring
  codec-native-quic
Module dependencies of testsuite-jpms.test:
  testsuite-jpms
  codec-http2
  codec-xml
  codec-compression
  codec-mqtt
  codec-smtp
  codec-memcache
  codec-stomp
  codec-socks
  codec-redis
  codec-haproxy
  codec-protobuf
  codec-marshalling
  resolver-dns-classes-macos
  handler-ssl-ocsp
Module dependencies of testsuite-karaf:
  buffer (compile)
  codec-base (compile)
  codec-compression (compile)
  codec-classes-quic (compile)
  codec-dns (compile)
  codec-haproxy (compile)
  codec-http (compile)
  codec-http2 (compile)
  codec-http3 (compile)
  codec-marshalling (compile)
  codec-memcache (compile)
  codec-mqtt (compile)
  codec-redis (compile)
  codec-smtp (compile)
  codec-socks (compile)
  codec-stomp (compile)
  codec-xml (compile)
  common (compile)
  handler (compile)
  handler-proxy (compile)
  handler-ssl-ocsp (compile)
  resolver (compile)
  resolver-dns (compile)
  resolver-dns-classes-macos (compile)
  transport (compile)
  transport-classes-epoll (compile)
  transport-classes-io_uring (compile)
  transport-classes-kqueue (compile)
  transport-native-unix-common (compile)
  transport-rxtx (compile)
  transport-sctp (compile)
Module dependencies of testsuite-native:
  transport-native-epoll
  transport-native-kqueue
  resolver-dns-native-macos
Module dependencies of testsuite-native.test:
  testsuite-native
Module dependencies of testsuite-native-image:
  common
  buffer
  transport
  handler
  codec-http
  transport-classes-epoll
  transport-classes-io_uring
  codec-classes-quic
Module dependencies of testsuite-native-image-client:
  transport
  resolver-dns
Module dependencies of testsuite-native-image-client-runtime-init:
  common
Module dependencies of testsuite-osgi:
Module dependencies of testsuite-osgi.test:
  testsuite-osgi
  buffer
  codec
  codec-dns
  codec-haproxy
  codec-http
  codec-http2
  codec-memcache
  codec-mqtt
  codec-socks
  codec-stomp
  codec-protobuf
  codec-marshalling
  codec-compression
  common
  handler
  handler-proxy
  resolver
  resolver-dns
  transport
  transport-sctp
  transport-udt
  transport-native-epoll
Module dependencies of testsuite-shading:
  common
  transport-native-epoll
  handler
Module dependencies of testsuite-shading.test:
  testsuite-shading
Module dependencies of transport:
  common
  buffer
  resolver
Module dependencies of transport.test:
  transport
Module dependencies of transport-blockhound-tests:
  transport
  handler
  pkitesting
  resolver-dns
Module dependencies of transport-blockhound-tests.test:
  transport-blockhound-tests
Module dependencies of transport-classes-epoll:
  common
  buffer
  transport
  transport-native-unix-common
Module dependencies of transport-classes-io_uring:
  common
  buffer
  transport
  transport-native-unix-common
Module dependencies of transport-classes-kqueue:
  common
  buffer
  transport
  transport-native-unix-common
Module dependencies of transport-native-epoll:
  common
  buffer
  transport
  transport-native-unix-common
  transport-classes-epoll
Module dependencies of transport-native-epoll.test:
  transport-native-epoll
  testsuite
  transport-native-unix-common-tests
Module dependencies of transport-native-io_uring:
  common
  buffer
  transport
  transport-native-unix-common
  transport-classes-io_uring
Module dependencies of transport-native-io_uring.test:
  transport-native-io_uring
  testsuite
  transport-native-unix-common-tests
  transport-classes-epoll
  transport-native-epoll
Module dependencies of transport-native-kqueue:
  common
  buffer
  transport
  transport-native-unix-common
  transport-classes-kqueue
Module dependencies of transport-native-kqueue.test:
  transport-native-kqueue
  testsuite
  transport-native-unix-common-tests
Module dependencies of transport-native-unix-common:
  common
  buffer
  transport
Module dependencies of transport-native-unix-common.test:
  transport-native-unix-common
Module dependencies of transport-native-unix-common-tests:
  transport
  transport-native-unix-common
Module dependencies of transport-rxtx:
  buffer
  transport
Module dependencies of transport-sctp:
  common
  buffer
  codec
  transport
Module dependencies of transport-sctp.test:
  transport-sctp
  transport.test
Module dependencies of transport-udt:
  common
  buffer
  transport
Module dependencies of transport-udt.test:
  transport-udt
Module dependencies of varhandle-stub: