{
  "all.revapiCliVersion": "0.12.0",
  "buffer.revapiCliVersion": "0.12.0",
  "codec.revapiCliVersion": "0.12.0",
  "codec-base.revapiCliVersion": "0.12.0",
  "codec-classes-quic.revapiCliVersion": "0.12.0",
  "codec-compression.revapiCliVersion": "0.12.0",
  "codec-dns.revapiCliVersion": "0.12.0",
  "codec-haproxy.revapiCliVersion": "0.12.0",
  "codec-http.revapiCliVersion": "0.12.0",
  "codec-http2.revapiCliVersion": "0.12.0",
  "codec-http3.revapiCliVersion": "0.12.0",
  "codec-marshalling.revapiCliVersion": "0.12.0",
  "codec-memcache.revapiCliVersion": "0.12.0",
  "codec-mqtt.revapiCliVersion": "0.12.0",
  "codec-native-quic.revapiCliVersion": "0.12.0",
  "codec-protobuf.revapiCliVersion": "0.12.0",
  "codec-redis.revapiCliVersion": "0.12.0",
  "codec-smtp.revapiCliVersion": "0.12.0",
  "codec-socks.revapiCliVersion": "0.12.0",
  "codec-stomp.revapiCliVersion": "0.12.0",
  "codec-xml.revapiCliVersion": "0.12.0",
  "common.revapiCliVersion": "0.12.0",
  "dev-tools.revapiCliVersion": "0.12.0",
  "example.revapiCliVersion": "0.12.0",
  "handler.revapiCliVersion": "0.12.0",
  "handler-proxy.revapiCliVersion": "0.12.0",
  "handler-ssl-ocsp.revapiCliVersion": "0.12.0",
  "jfr-stub.revapiCliVersion": "0.12.0",
  "microbench.revapiCliVersion": "0.12.0",
  "pkitesting.revapiCliVersion": "0.12.0",
  "resolver.revapiCliVersion": "0.12.0",
  "resolver-dns.revapiCliVersion": "0.12.0",
  "resolver-dns-classes-macos.revapiCliVersion": "0.12.0",
  "resolver-dns-native-macos.revapiCliVersion": "0.12.0",
  "testsuite.revapiCliVersion": "0.12.0",
  "testsuite-autobahn.revapiCliVersion": "0.12.0",
  "testsuite-http2.revapiCliVersion": "0.12.0",
  "testsuite-jpms.revapiCliVersion": "0.12.0",
  "testsuite-karaf.revapiCliVersion": "0.12.0",
  "testsuite-native.revapiCliVersion": "0.12.0",
  "testsuite-native-image.revapiCliVersion": "0.12.0",
  "testsuite-native-image-client.revapiCliVersion": "0.12.0",
  "testsuite-native-image-client-runtime-init.revapiCliVersion": "0.12.0",
  "testsuite-osgi.revapiCliVersion": "0.12.0",
  "testsuite-shading.revapiCliVersion": "0.12.0",
  "transport.revapiCliVersion": "0.12.0",
  "transport-blockhound-tests.revapiCliVersion": "0.12.0",
  "transport-classes-epoll.revapiCliVersion": "0.12.0",
  "transport-classes-io_uring.revapiCliVersion": "0.12.0",
  "transport-classes-kqueue.revapiCliVersion": "0.12.0",
  "transport-native-epoll.revapiCliVersion": "0.12.0",
  "transport-native-io_uring.revapiCliVersion": "0.12.0",
  "transport-native-kqueue.revapiCliVersion": "0.12.0",
  "transport-native-unix-common.revapiCliVersion": "0.12.0",
  "transport-native-unix-common-tests.revapiCliVersion": "0.12.0",
  "transport-rxtx.revapiCliVersion": "0.12.0",
  "transport-sctp.revapiCliVersion": "0.12.0",
  "transport-udt.revapiCliVersion": "0.12.0",
  "varhandle-stub.revapiCliVersion": "0.12.0"
}